[2026-02-12T00:00:49.491652+00:00] client.INFO: Sending request to GET https://onejav.com/popular {"method":"GET","uri":"https://onejav.com/popular","correlation_id":""} []
[2026-02-12T00:00:50.372399+00:00] client.INFO: Received response 301 for GET https://onejav.com/popular (880.97ms) {"method":"GET","uri":"https://onejav.com/popular","correlation_id":"","status":301,"duration_ms":880.97} []
[2026-02-12T00:00:50.374513+00:00] client.INFO: Sending request to GET https://onejav.com/popular/ {"method":"GET","uri":"https://onejav.com/popular/","correlation_id":""} []
[2026-02-12T00:00:51.396007+00:00] client.INFO: Received response 200 for GET https://onejav.com/popular/ (1021.44ms) {"method":"GET","uri":"https://onejav.com/popular/","correlation_id":"","status":200,"duration_ms":1021.44} []
[2026-02-12T00:00:51.428009+00:00] client.INFO: Sending request to GET https://onejav.com/tag {"method":"GET","uri":"https://onejav.com/tag","correlation_id":""} []
[2026-02-12T00:00:52.209538+00:00] client.INFO: Received response 301 for GET https://onejav.com/tag (781.5ms) {"method":"GET","uri":"https://onejav.com/tag","correlation_id":"","status":301,"duration_ms":781.5} []
[2026-02-12T00:00:52.210069+00:00] client.INFO: Sending request to GET https://onejav.com/tag/ {"method":"GET","uri":"https://onejav.com/tag/","correlation_id":""} []
[2026-02-12T00:00:53.903263+00:00] client.INFO: Received response 200 for GET https://onejav.com/tag/ (1693.19ms) {"method":"GET","uri":"https://onejav.com/tag/","correlation_id":"","status":200,"duration_ms":1693.19} []
[2026-02-12T00:01:14.204190+00:00] client.INFO: Sending request to GET https://onejav.com/popular {"method":"GET","uri":"https://onejav.com/popular","correlation_id":""} []
[2026-02-12T00:01:15.052809+00:00] client.INFO: Received response 301 for GET https://onejav.com/popular (848.73ms) {"method":"GET","uri":"https://onejav.com/popular","correlation_id":"","status":301,"duration_ms":848.73} []
[2026-02-12T00:01:15.055698+00:00] client.INFO: Sending request to GET https://onejav.com/popular/ {"method":"GET","uri":"https://onejav.com/popular/","correlation_id":""} []
[2026-02-12T00:01:16.075699+00:00] client.INFO: Received response 200 for GET https://onejav.com/popular/ (1019.96ms) {"method":"GET","uri":"https://onejav.com/popular/","correlation_id":"","status":200,"duration_ms":1019.96} []
[2026-02-12T00:01:16.110872+00:00] client.INFO: Sending request to GET https://onejav.com/tag {"method":"GET","uri":"https://onejav.com/tag","correlation_id":""} []
[2026-02-12T00:01:16.887853+00:00] client.INFO: Received response 301 for GET https://onejav.com/tag (776.92ms) {"method":"GET","uri":"https://onejav.com/tag","correlation_id":"","status":301,"duration_ms":776.92} []
[2026-02-12T00:01:16.888521+00:00] client.INFO: Sending request to GET https://onejav.com/tag/ {"method":"GET","uri":"https://onejav.com/tag/","correlation_id":""} []
[2026-02-12T00:01:18.630443+00:00] client.INFO: Received response 200 for GET https://onejav.com/tag/ (1741.88ms) {"method":"GET","uri":"https://onejav.com/tag/","correlation_id":"","status":200,"duration_ms":1741.88} []
[2026-02-12T00:12:04.051823+00:00] client.INFO: Sending request to GET https://onejav.com/popular {"method":"GET","uri":"https://onejav.com/popular","correlation_id":""} []
[2026-02-12T00:12:04.817147+00:00] client.INFO: Received response 301 for GET https://onejav.com/popular (765.8ms) {"method":"GET","uri":"https://onejav.com/popular","correlation_id":"","status":301,"duration_ms":765.8} []
[2026-02-12T00:12:04.820149+00:00] client.INFO: Sending request to GET https://onejav.com/popular/ {"method":"GET","uri":"https://onejav.com/popular/","correlation_id":""} []
[2026-02-12T00:12:05.764561+00:00] client.INFO: Received response 200 for GET https://onejav.com/popular/ (944.4ms) {"method":"GET","uri":"https://onejav.com/popular/","correlation_id":"","status":200,"duration_ms":944.4} []
[2026-02-12T00:12:05.790717+00:00] client.INFO: Sending request to GET https://onejav.com/tag {"method":"GET","uri":"https://onejav.com/tag","correlation_id":""} []
[2026-02-12T00:12:06.591622+00:00] client.INFO: Received response 301 for GET https://onejav.com/tag (800.9ms) {"method":"GET","uri":"https://onejav.com/tag","correlation_id":"","status":301,"duration_ms":800.9} []
[2026-02-12T00:12:06.591829+00:00] client.INFO: Sending request to GET https://onejav.com/tag/ {"method":"GET","uri":"https://onejav.com/tag/","correlation_id":""} []
[2026-02-12T00:12:08.264627+00:00] client.INFO: Received response 200 for GET https://onejav.com/tag/ (1672.77ms) {"method":"GET","uri":"https://onejav.com/tag/","correlation_id":"","status":200,"duration_ms":1672.77} []
[2026-02-12T00:28:28.660484+00:00] client.INFO: Sending request to GET https://onejav.com/popular {"method":"GET","uri":"https://onejav.com/popular","correlation_id":""} []
[2026-02-12T00:28:29.548258+00:00] client.INFO: Received response 301 for GET https://onejav.com/popular (887.9ms) {"method":"GET","uri":"https://onejav.com/popular","correlation_id":"","status":301,"duration_ms":887.9} []
[2026-02-12T00:28:29.554412+00:00] client.INFO: Sending request to GET https://onejav.com/popular/ {"method":"GET","uri":"https://onejav.com/popular/","correlation_id":""} []
[2026-02-12T00:28:30.513480+00:00] client.INFO: Received response 200 for GET https://onejav.com/popular/ (958.95ms) {"method":"GET","uri":"https://onejav.com/popular/","correlation_id":"","status":200,"duration_ms":958.95} []
[2026-02-12T00:28:30.552283+00:00] client.INFO: Sending request to GET https://onejav.com/tag {"method":"GET","uri":"https://onejav.com/tag","correlation_id":""} []
[2026-02-12T00:28:32.303060+00:00] client.INFO: Received response 301 for GET https://onejav.com/tag (1750.76ms) {"method":"GET","uri":"https://onejav.com/tag","correlation_id":"","status":301,"duration_ms":1750.76} []
[2026-02-12T00:28:32.303326+00:00] client.INFO: Sending request to GET https://onejav.com/tag/ {"method":"GET","uri":"https://onejav.com/tag/","correlation_id":""} []
[2026-02-12T00:28:34.094099+00:00] client.INFO: Received response 200 for GET https://onejav.com/tag/ (1790.7ms) {"method":"GET","uri":"https://onejav.com/tag/","correlation_id":"","status":200,"duration_ms":1790.7} []
[2026-02-12T00:31:20.361098+00:00] client.INFO: Sending request to GET https://onejav.com/popular {"method":"GET","uri":"https://onejav.com/popular","correlation_id":""} []
[2026-02-12T00:31:21.403614+00:00] client.INFO: Received response 301 for GET https://onejav.com/popular (1043.02ms) {"method":"GET","uri":"https://onejav.com/popular","correlation_id":"","status":301,"duration_ms":1043.02} []
[2026-02-12T00:31:21.406660+00:00] client.INFO: Sending request to GET https://onejav.com/popular/ {"method":"GET","uri":"https://onejav.com/popular/","correlation_id":""} []
[2026-02-12T00:31:22.480300+00:00] client.INFO: Received response 200 for GET https://onejav.com/popular/ (1073.57ms) {"method":"GET","uri":"https://onejav.com/popular/","correlation_id":"","status":200,"duration_ms":1073.57} []
[2026-02-12T00:31:22.516556+00:00] client.INFO: Sending request to GET https://onejav.com/tag {"method":"GET","uri":"https://onejav.com/tag","correlation_id":""} []
[2026-02-12T00:31:23.449260+00:00] client.INFO: Received response 301 for GET https://onejav.com/tag (932.61ms) {"method":"GET","uri":"https://onejav.com/tag","correlation_id":"","status":301,"duration_ms":932.61} []
[2026-02-12T00:31:23.450571+00:00] client.INFO: Sending request to GET https://onejav.com/tag/ {"method":"GET","uri":"https://onejav.com/tag/","correlation_id":""} []
[2026-02-12T00:31:25.169103+00:00] client.INFO: Received response 200 for GET https://onejav.com/tag/ (1718.54ms) {"method":"GET","uri":"https://onejav.com/tag/","correlation_id":"","status":200,"duration_ms":1718.54} []
[2026-02-12T00:31:49.387408+00:00] client.INFO: Sending request to GET https://onejav.com/popular {"method":"GET","uri":"https://onejav.com/popular","correlation_id":""} []
[2026-02-12T00:31:50.916389+00:00] client.INFO: Received response 301 for GET https://onejav.com/popular (1529.06ms) {"method":"GET","uri":"https://onejav.com/popular","correlation_id":"","status":301,"duration_ms":1529.06} []
[2026-02-12T00:31:50.919769+00:00] client.INFO: Sending request to GET https://onejav.com/popular/ {"method":"GET","uri":"https://onejav.com/popular/","correlation_id":""} []
[2026-02-12T00:31:52.055269+00:00] client.INFO: Received response 200 for GET https://onejav.com/popular/ (1135.46ms) {"method":"GET","uri":"https://onejav.com/popular/","correlation_id":"","status":200,"duration_ms":1135.46} []
[2026-02-12T00:31:52.088805+00:00] client.INFO: Sending request to GET https://onejav.com/tag {"method":"GET","uri":"https://onejav.com/tag","correlation_id":""} []
[2026-02-12T00:31:53.629528+00:00] client.INFO: Received response 301 for GET https://onejav.com/tag (1540.71ms) {"method":"GET","uri":"https://onejav.com/tag","correlation_id":"","status":301,"duration_ms":1540.71} []
[2026-02-12T00:31:53.629829+00:00] client.INFO: Sending request to GET https://onejav.com/tag/ {"method":"GET","uri":"https://onejav.com/tag/","correlation_id":""} []
[2026-02-12T00:31:57.037656+00:00] client.INFO: Received response 200 for GET https://onejav.com/tag/ (3407.74ms) {"method":"GET","uri":"https://onejav.com/tag/","correlation_id":"","status":200,"duration_ms":3407.74} []
[2026-02-12T00:32:27.366602+00:00] client.INFO: Sending request to GET https://onejav.com/popular {"method":"GET","uri":"https://onejav.com/popular","correlation_id":""} []
[2026-02-12T00:32:28.683428+00:00] client.INFO: Received response 301 for GET https://onejav.com/popular (1317.21ms) {"method":"GET","uri":"https://onejav.com/popular","correlation_id":"","status":301,"duration_ms":1317.21} []
[2026-02-12T00:32:28.688996+00:00] client.INFO: Sending request to GET https://onejav.com/popular/ {"method":"GET","uri":"https://onejav.com/popular/","correlation_id":""} []
[2026-02-12T00:32:29.714524+00:00] client.INFO: Received response 200 for GET https://onejav.com/popular/ (1025.47ms) {"method":"GET","uri":"https://onejav.com/popular/","correlation_id":"","status":200,"duration_ms":1025.47} []
[2026-02-12T00:32:29.749273+00:00] client.INFO: Sending request to GET https://onejav.com/tag {"method":"GET","uri":"https://onejav.com/tag","correlation_id":""} []
[2026-02-12T00:32:30.625344+00:00] client.INFO: Received response 301 for GET https://onejav.com/tag (875.98ms) {"method":"GET","uri":"https://onejav.com/tag","correlation_id":"","status":301,"duration_ms":875.98} []
[2026-02-12T00:32:30.626703+00:00] client.INFO: Sending request to GET https://onejav.com/tag/ {"method":"GET","uri":"https://onejav.com/tag/","correlation_id":""} []
[2026-02-12T00:32:32.879179+00:00] client.INFO: Received response 200 for GET https://onejav.com/tag/ (2252.44ms) {"method":"GET","uri":"https://onejav.com/tag/","correlation_id":"","status":200,"duration_ms":2252.44} []
[2026-02-12T00:37:27.909582+00:00] client.INFO: Sending request to GET https://onejav.com/popular {"method":"GET","uri":"https://onejav.com/popular","correlation_id":""} []
[2026-02-12T00:37:28.922389+00:00] client.INFO: Received response 301 for GET https://onejav.com/popular (1013.26ms) {"method":"GET","uri":"https://onejav.com/popular","correlation_id":"","status":301,"duration_ms":1013.26} []
[2026-02-12T00:37:28.926209+00:00] client.INFO: Sending request to GET https://onejav.com/popular/ {"method":"GET","uri":"https://onejav.com/popular/","correlation_id":""} []
[2026-02-12T00:37:29.947679+00:00] client.INFO: Received response 200 for GET https://onejav.com/popular/ (1021.44ms) {"method":"GET","uri":"https://onejav.com/popular/","correlation_id":"","status":200,"duration_ms":1021.44} []
[2026-02-12T00:37:29.976643+00:00] client.INFO: Sending request to GET https://onejav.com/tag {"method":"GET","uri":"https://onejav.com/tag","correlation_id":""} []
[2026-02-12T00:37:30.979023+00:00] client.INFO: Received response 301 for GET https://onejav.com/tag (1002.34ms) {"method":"GET","uri":"https://onejav.com/tag","correlation_id":"","status":301,"duration_ms":1002.34} []
[2026-02-12T00:37:30.979922+00:00] client.INFO: Sending request to GET https://onejav.com/tag/ {"method":"GET","uri":"https://onejav.com/tag/","correlation_id":""} []
[2026-02-12T00:37:32.605712+00:00] client.INFO: Received response 200 for GET https://onejav.com/tag/ (1625.77ms) {"method":"GET","uri":"https://onejav.com/tag/","correlation_id":"","status":200,"duration_ms":1625.77} []
[2026-02-12T00:38:41.704344+00:00] client.INFO: Sending request to GET https://onejav.com/popular {"method":"GET","uri":"https://onejav.com/popular","correlation_id":""} []
[2026-02-12T00:38:42.750860+00:00] client.INFO: Received response 301 for GET https://onejav.com/popular (1046.58ms) {"method":"GET","uri":"https://onejav.com/popular","correlation_id":"","status":301,"duration_ms":1046.58} []
[2026-02-12T00:38:42.754177+00:00] client.INFO: Sending request to GET https://onejav.com/popular/ {"method":"GET","uri":"https://onejav.com/popular/","correlation_id":""} []
[2026-02-12T00:38:43.776258+00:00] client.INFO: Received response 200 for GET https://onejav.com/popular/ (1022ms) {"method":"GET","uri":"https://onejav.com/popular/","correlation_id":"","status":200,"duration_ms":1022.0} []
[2026-02-12T00:38:43.814196+00:00] client.INFO: Sending request to GET https://onejav.com/tag {"method":"GET","uri":"https://onejav.com/tag","correlation_id":""} []
[2026-02-12T00:38:44.591348+00:00] client.INFO: Received response 301 for GET https://onejav.com/tag (777.13ms) {"method":"GET","uri":"https://onejav.com/tag","correlation_id":"","status":301,"duration_ms":777.13} []
[2026-02-12T00:38:44.591858+00:00] client.INFO: Sending request to GET https://onejav.com/tag/ {"method":"GET","uri":"https://onejav.com/tag/","correlation_id":""} []
[2026-02-12T00:38:46.261489+00:00] client.INFO: Received response 200 for GET https://onejav.com/tag/ (1669.58ms) {"method":"GET","uri":"https://onejav.com/tag/","correlation_id":"","status":200,"duration_ms":1669.58} []
[2026-02-12T00:39:42.222817+00:00] client.INFO: Sending request to GET https://onejav.com/popular {"method":"GET","uri":"https://onejav.com/popular","correlation_id":""} []
[2026-02-12T00:39:43.166316+00:00] client.INFO: Received response 301 for GET https://onejav.com/popular (943.57ms) {"method":"GET","uri":"https://onejav.com/popular","correlation_id":"","status":301,"duration_ms":943.57} []
[2026-02-12T00:39:43.168277+00:00] client.INFO: Sending request to GET https://onejav.com/popular/ {"method":"GET","uri":"https://onejav.com/popular/","correlation_id":""} []
[2026-02-12T00:39:44.194760+00:00] client.INFO: Received response 200 for GET https://onejav.com/popular/ (1026.44ms) {"method":"GET","uri":"https://onejav.com/popular/","correlation_id":"","status":200,"duration_ms":1026.44} []
[2026-02-12T00:39:44.224193+00:00] client.INFO: Sending request to GET https://onejav.com/tag {"method":"GET","uri":"https://onejav.com/tag","correlation_id":""} []
[2026-02-12T00:39:45.110454+00:00] client.INFO: Received response 301 for GET https://onejav.com/tag (886.21ms) {"method":"GET","uri":"https://onejav.com/tag","correlation_id":"","status":301,"duration_ms":886.21} []
[2026-02-12T00:39:45.111224+00:00] client.INFO: Sending request to GET https://onejav.com/tag/ {"method":"GET","uri":"https://onejav.com/tag/","correlation_id":""} []
[2026-02-12T00:39:46.956923+00:00] client.INFO: Received response 200 for GET https://onejav.com/tag/ (1845.67ms) {"method":"GET","uri":"https://onejav.com/tag/","correlation_id":"","status":200,"duration_ms":1845.67} []
[2026-02-12T00:42:55.669227+00:00] client.INFO: Sending request to GET https://onejav.com/popular {"method":"GET","uri":"https://onejav.com/popular","correlation_id":""} []
[2026-02-12T00:42:57.076396+00:00] client.INFO: Received response 301 for GET https://onejav.com/popular (1407.26ms) {"method":"GET","uri":"https://onejav.com/popular","correlation_id":"","status":301,"duration_ms":1407.26} []
[2026-02-12T00:42:57.079424+00:00] client.INFO: Sending request to GET https://onejav.com/popular/ {"method":"GET","uri":"https://onejav.com/popular/","correlation_id":""} []
[2026-02-12T00:42:58.136629+00:00] client.INFO: Received response 200 for GET https://onejav.com/popular/ (1057.11ms) {"method":"GET","uri":"https://onejav.com/popular/","correlation_id":"","status":200,"duration_ms":1057.11} []
[2026-02-12T00:42:58.176365+00:00] client.INFO: Sending request to GET https://onejav.com/tag {"method":"GET","uri":"https://onejav.com/tag","correlation_id":""} []
[2026-02-12T00:42:59.670580+00:00] client.INFO: Received response 301 for GET https://onejav.com/tag (1494.16ms) {"method":"GET","uri":"https://onejav.com/tag","correlation_id":"","status":301,"duration_ms":1494.16} []
[2026-02-12T00:42:59.671357+00:00] client.INFO: Sending request to GET https://onejav.com/tag/ {"method":"GET","uri":"https://onejav.com/tag/","correlation_id":""} []
[2026-02-12T00:43:01.413330+00:00] client.INFO: Received response 200 for GET https://onejav.com/tag/ (1741.97ms) {"method":"GET","uri":"https://onejav.com/tag/","correlation_id":"","status":200,"duration_ms":1741.97} []
[2026-02-12T00:43:32.351781+00:00] client.INFO: Sending request to GET https://onejav.com/popular {"method":"GET","uri":"https://onejav.com/popular","correlation_id":""} []
[2026-02-12T00:43:33.259357+00:00] client.INFO: Received response 301 for GET https://onejav.com/popular (907.7ms) {"method":"GET","uri":"https://onejav.com/popular","correlation_id":"","status":301,"duration_ms":907.7} []
[2026-02-12T00:43:33.261319+00:00] client.INFO: Sending request to GET https://onejav.com/popular/ {"method":"GET","uri":"https://onejav.com/popular/","correlation_id":""} []
[2026-02-12T00:43:34.282989+00:00] client.INFO: Received response 200 for GET https://onejav.com/popular/ (1021.65ms) {"method":"GET","uri":"https://onejav.com/popular/","correlation_id":"","status":200,"duration_ms":1021.65} []
[2026-02-12T00:43:34.309595+00:00] client.INFO: Sending request to GET https://onejav.com/tag {"method":"GET","uri":"https://onejav.com/tag","correlation_id":""} []
[2026-02-12T00:43:35.307151+00:00] client.ERROR: Received response 500 for GET https://onejav.com/tag (997.49ms) {"method":"GET","uri":"https://onejav.com/tag","correlation_id":"","status":500,"duration_ms":997.49} []
[2026-02-12T00:49:11.362393+00:00] client.INFO: Sending request to GET https://onejav.com/popular {"method":"GET","uri":"https://onejav.com/popular","correlation_id":""} []
[2026-02-12T00:49:12.216789+00:00] client.INFO: Received response 301 for GET https://onejav.com/popular (854.48ms) {"method":"GET","uri":"https://onejav.com/popular","correlation_id":"","status":301,"duration_ms":854.48} []
[2026-02-12T00:49:12.219087+00:00] client.INFO: Sending request to GET https://onejav.com/popular/ {"method":"GET","uri":"https://onejav.com/popular/","correlation_id":""} []
[2026-02-12T00:49:13.333723+00:00] client.INFO: Received response 200 for GET https://onejav.com/popular/ (1114.56ms) {"method":"GET","uri":"https://onejav.com/popular/","correlation_id":"","status":200,"duration_ms":1114.56} []
[2026-02-12T00:49:13.370390+00:00] client.INFO: Sending request to GET https://onejav.com/tag {"method":"GET","uri":"https://onejav.com/tag","correlation_id":""} []
[2026-02-12T00:49:14.150811+00:00] client.INFO: Received response 301 for GET https://onejav.com/tag (780.35ms) {"method":"GET","uri":"https://onejav.com/tag","correlation_id":"","status":301,"duration_ms":780.35} []
[2026-02-12T00:49:14.151692+00:00] client.INFO: Sending request to GET https://onejav.com/tag/ {"method":"GET","uri":"https://onejav.com/tag/","correlation_id":""} []
[2026-02-12T00:49:15.882235+00:00] client.INFO: Received response 200 for GET https://onejav.com/tag/ (1730.49ms) {"method":"GET","uri":"https://onejav.com/tag/","correlation_id":"","status":200,"duration_ms":1730.49} []
[2026-02-12T00:51:25.698369+00:00] client.INFO: Sending request to GET https://onejav.com/ {"method":"GET","uri":"https://onejav.com/","correlation_id":""} []
[2026-02-12T00:51:27.611004+00:00] client.INFO: Received response 200 for GET https://onejav.com/ (1912.51ms) {"method":"GET","uri":"https://onejav.com/","correlation_id":"","status":200,"duration_ms":1912.51} []
[2026-02-12T00:51:29.087286+00:00] client.INFO: Sending request to GET https://onejav.com/popular {"method":"GET","uri":"https://onejav.com/popular","correlation_id":""} []
[2026-02-12T00:51:29.934366+00:00] client.INFO: Received response 301 for GET https://onejav.com/popular (847ms) {"method":"GET","uri":"https://onejav.com/popular","correlation_id":"","status":301,"duration_ms":847.0} []
[2026-02-12T00:51:29.937441+00:00] client.INFO: Sending request to GET https://onejav.com/popular/ {"method":"GET","uri":"https://onejav.com/popular/","correlation_id":""} []
[2026-02-12T00:51:30.857055+00:00] client.INFO: Received response 200 for GET https://onejav.com/popular/ (919.56ms) {"method":"GET","uri":"https://onejav.com/popular/","correlation_id":"","status":200,"duration_ms":919.56} []
[2026-02-12T00:51:30.895981+00:00] client.INFO: Sending request to GET https://onejav.com/tag {"method":"GET","uri":"https://onejav.com/tag","correlation_id":""} []
[2026-02-12T00:51:31.676775+00:00] client.INFO: Received response 301 for GET https://onejav.com/tag (780.73ms) {"method":"GET","uri":"https://onejav.com/tag","correlation_id":"","status":301,"duration_ms":780.73} []
[2026-02-12T00:51:31.677728+00:00] client.INFO: Sending request to GET https://onejav.com/tag/ {"method":"GET","uri":"https://onejav.com/tag/","correlation_id":""} []
[2026-02-12T00:51:33.448910+00:00] client.INFO: Received response 200 for GET https://onejav.com/tag/ (1771.13ms) {"method":"GET","uri":"https://onejav.com/tag/","correlation_id":"","status":200,"duration_ms":1771.13} []
[2026-02-12T00:53:31.115099+00:00] client.INFO: Sending request to GET https://onejav.com/ {"method":"GET","uri":"https://onejav.com/","correlation_id":""} []
[2026-02-12T00:53:33.333821+00:00] client.INFO: Received response 200 for GET https://onejav.com/ (2218.63ms) {"method":"GET","uri":"https://onejav.com/","correlation_id":"","status":200,"duration_ms":2218.63} []
[2026-02-12T00:53:34.956589+00:00] client.INFO: Sending request to GET https://onejav.com/popular {"method":"GET","uri":"https://onejav.com/popular","correlation_id":""} []
[2026-02-12T00:53:35.784810+00:00] client.INFO: Received response 301 for GET https://onejav.com/popular (828.15ms) {"method":"GET","uri":"https://onejav.com/popular","correlation_id":"","status":301,"duration_ms":828.15} []
[2026-02-12T00:53:35.787608+00:00] client.INFO: Sending request to GET https://onejav.com/popular/ {"method":"GET","uri":"https://onejav.com/popular/","correlation_id":""} []
[2026-02-12T00:53:36.813083+00:00] client.INFO: Received response 200 for GET https://onejav.com/popular/ (1025.42ms) {"method":"GET","uri":"https://onejav.com/popular/","correlation_id":"","status":200,"duration_ms":1025.42} []
[2026-02-12T00:53:36.850357+00:00] client.INFO: Sending request to GET https://onejav.com/tag {"method":"GET","uri":"https://onejav.com/tag","correlation_id":""} []
[2026-02-12T00:53:37.665241+00:00] client.INFO: Received response 301 for GET https://onejav.com/tag (814.83ms) {"method":"GET","uri":"https://onejav.com/tag","correlation_id":"","status":301,"duration_ms":814.83} []
[2026-02-12T00:53:37.666025+00:00] client.INFO: Sending request to GET https://onejav.com/tag/ {"method":"GET","uri":"https://onejav.com/tag/","correlation_id":""} []
[2026-02-12T00:53:39.274078+00:00] client.INFO: Received response 200 for GET https://onejav.com/tag/ (1608ms) {"method":"GET","uri":"https://onejav.com/tag/","correlation_id":"","status":200,"duration_ms":1608.0} []
[2026-02-12T00:56:01.126458+00:00] client.INFO: Sending request to GET https://onejav.com/popular {"method":"GET","uri":"https://onejav.com/popular","correlation_id":""} []
[2026-02-12T00:56:02.032220+00:00] client.INFO: Received response 301 for GET https://onejav.com/popular (905.85ms) {"method":"GET","uri":"https://onejav.com/popular","correlation_id":"","status":301,"duration_ms":905.85} []
[2026-02-12T00:56:02.034286+00:00] client.INFO: Sending request to GET https://onejav.com/popular/ {"method":"GET","uri":"https://onejav.com/popular/","correlation_id":""} []
[2026-02-12T00:56:03.062743+00:00] client.INFO: Received response 200 for GET https://onejav.com/popular/ (1028.44ms) {"method":"GET","uri":"https://onejav.com/popular/","correlation_id":"","status":200,"duration_ms":1028.44} []
[2026-02-12T00:56:03.079127+00:00] client.INFO: Sending request to GET https://onejav.com/tag {"method":"GET","uri":"https://onejav.com/tag","correlation_id":""} []
[2026-02-12T00:56:04.676941+00:00] client.INFO: Received response 301 for GET https://onejav.com/tag (1597.76ms) {"method":"GET","uri":"https://onejav.com/tag","correlation_id":"","status":301,"duration_ms":1597.76} []
[2026-02-12T00:56:04.677714+00:00] client.INFO: Sending request to GET https://onejav.com/tag/ {"method":"GET","uri":"https://onejav.com/tag/","correlation_id":""} []
[2026-02-12T00:56:06.316021+00:00] client.INFO: Received response 200 for GET https://onejav.com/tag/ (1638.3ms) {"method":"GET","uri":"https://onejav.com/tag/","correlation_id":"","status":200,"duration_ms":1638.3} []
[2026-02-12T01:01:38.496865+00:00] client.INFO: Sending request to GET https://onejav.com/tag {"method":"GET","uri":"https://onejav.com/tag","correlation_id":""} []
[2026-02-12T01:01:39.301269+00:00] client.INFO: Received response 301 for GET https://onejav.com/tag (804.47ms) {"method":"GET","uri":"https://onejav.com/tag","correlation_id":"","status":301,"duration_ms":804.47} []
[2026-02-12T01:01:39.303839+00:00] client.INFO: Sending request to GET https://onejav.com/tag/ {"method":"GET","uri":"https://onejav.com/tag/","correlation_id":""} []
[2026-02-12T01:01:40.885656+00:00] client.INFO: Received response 200 for GET https://onejav.com/tag/ (1581.77ms) {"method":"GET","uri":"https://onejav.com/tag/","correlation_id":"","status":200,"duration_ms":1581.77} []
[2026-02-12T01:03:14.840689+00:00] client.INFO: Sending request to GET https://onejav.com/tag {"method":"GET","uri":"https://onejav.com/tag","correlation_id":""} []
[2026-02-12T01:03:16.006029+00:00] client.INFO: Received response 301 for GET https://onejav.com/tag (1165.42ms) {"method":"GET","uri":"https://onejav.com/tag","correlation_id":"","status":301,"duration_ms":1165.42} []
[2026-02-12T01:03:16.008616+00:00] client.INFO: Sending request to GET https://onejav.com/tag/ {"method":"GET","uri":"https://onejav.com/tag/","correlation_id":""} []
[2026-02-12T01:03:17.679236+00:00] client.INFO: Received response 200 for GET https://onejav.com/tag/ (1670.58ms) {"method":"GET","uri":"https://onejav.com/tag/","correlation_id":"","status":200,"duration_ms":1670.58} []
[2026-02-12T01:09:58.553753+00:00] client.INFO: Sending request to GET https://onejav.com/tag {"method":"GET","uri":"https://onejav.com/tag","correlation_id":""} []
[2026-02-12T01:09:59.397340+00:00] client.INFO: Received response 301 for GET https://onejav.com/tag (843.66ms) {"method":"GET","uri":"https://onejav.com/tag","correlation_id":"","status":301,"duration_ms":843.66} []
[2026-02-12T01:09:59.400924+00:00] client.INFO: Sending request to GET https://onejav.com/tag/ {"method":"GET","uri":"https://onejav.com/tag/","correlation_id":""} []
[2026-02-12T01:10:01.397411+00:00] client.INFO: Received response 200 for GET https://onejav.com/tag/ (1996.42ms) {"method":"GET","uri":"https://onejav.com/tag/","correlation_id":"","status":200,"duration_ms":1996.42} []
[2026-02-12T01:17:41.801614+00:00] client.INFO: Sending request to GET https://onejav.com/tag {"method":"GET","uri":"https://onejav.com/tag","correlation_id":""} []
[2026-02-12T01:17:42.906413+00:00] client.INFO: Received response 301 for GET https://onejav.com/tag (1105.25ms) {"method":"GET","uri":"https://onejav.com/tag","correlation_id":"","status":301,"duration_ms":1105.25} []
[2026-02-12T01:17:42.910520+00:00] client.INFO: Sending request to GET https://onejav.com/tag/ {"method":"GET","uri":"https://onejav.com/tag/","correlation_id":""} []
[2026-02-12T01:17:51.332111+00:00] client.ERROR: Received response 500 for GET https://onejav.com/tag/ (8421.54ms) {"method":"GET","uri":"https://onejav.com/tag/","correlation_id":"","status":500,"duration_ms":8421.54} []
[2026-02-12T01:18:28.283974+00:00] client.INFO: Sending request to GET https://onejav.com/ {"method":"GET","uri":"https://onejav.com/","correlation_id":""} []
[2026-02-12T01:18:29.702469+00:00] client.INFO: Received response 200 for GET https://onejav.com/ (1418.46ms) {"method":"GET","uri":"https://onejav.com/","correlation_id":"","status":200,"duration_ms":1418.46} []
[2026-02-12T01:18:30.684289+00:00] client.INFO: Sending request to GET https://onejav.com/tag {"method":"GET","uri":"https://onejav.com/tag","correlation_id":""} []
[2026-02-12T01:18:31.518513+00:00] client.INFO: Received response 301 for GET https://onejav.com/tag (834.19ms) {"method":"GET","uri":"https://onejav.com/tag","correlation_id":"","status":301,"duration_ms":834.19} []
[2026-02-12T01:18:31.521017+00:00] client.INFO: Sending request to GET https://onejav.com/tag/ {"method":"GET","uri":"https://onejav.com/tag/","correlation_id":""} []
[2026-02-12T01:18:33.152983+00:00] client.INFO: Received response 200 for GET https://onejav.com/tag/ (1631.96ms) {"method":"GET","uri":"https://onejav.com/tag/","correlation_id":"","status":200,"duration_ms":1631.96} []
[2026-02-12T01:41:16.167077+00:00] client.INFO: Sending request to GET https://onejav.com/tag {"method":"GET","uri":"https://onejav.com/tag","correlation_id":""} []
[2026-02-12T01:41:17.235767+00:00] client.INFO: Received response 301 for GET https://onejav.com/tag (1069.11ms) {"method":"GET","uri":"https://onejav.com/tag","correlation_id":"","status":301,"duration_ms":1069.11} []
[2026-02-12T01:41:17.238537+00:00] client.INFO: Sending request to GET https://onejav.com/tag/ {"method":"GET","uri":"https://onejav.com/tag/","correlation_id":""} []
[2026-02-12T01:41:19.122904+00:00] client.INFO: Received response 200 for GET https://onejav.com/tag/ (1884.3ms) {"method":"GET","uri":"https://onejav.com/tag/","correlation_id":"","status":200,"duration_ms":1884.3} []
[2026-02-12T02:11:09.040363+00:00] client.INFO: Sending request to GET https://onejav.com/ {"method":"GET","uri":"https://onejav.com/","correlation_id":""} []
[2026-02-12T02:11:10.622866+00:00] client.INFO: Received response 200 for GET https://onejav.com/ (1582.45ms) {"method":"GET","uri":"https://onejav.com/","correlation_id":"","status":200,"duration_ms":1582.45} []
[2026-02-12T02:11:11.843375+00:00] client.INFO: Sending request to GET https://onejav.com/tag {"method":"GET","uri":"https://onejav.com/tag","correlation_id":""} []
[2026-02-12T02:11:13.247768+00:00] client.INFO: Received response 301 for GET https://onejav.com/tag (1404.33ms) {"method":"GET","uri":"https://onejav.com/tag","correlation_id":"","status":301,"duration_ms":1404.33} []
[2026-02-12T02:11:13.250981+00:00] client.INFO: Sending request to GET https://onejav.com/tag/ {"method":"GET","uri":"https://onejav.com/tag/","correlation_id":""} []
[2026-02-12T02:11:14.752120+00:00] client.INFO: Received response 200 for GET https://onejav.com/tag/ (1501.1ms) {"method":"GET","uri":"https://onejav.com/tag/","correlation_id":"","status":200,"duration_ms":1501.1} []
[2026-02-12T02:11:25.844565+00:00] client.INFO: Sending request to GET https://onejav.com/ {"method":"GET","uri":"https://onejav.com/","correlation_id":""} []
[2026-02-12T02:11:27.312210+00:00] client.INFO: Received response 200 for GET https://onejav.com/ (1467.61ms) {"method":"GET","uri":"https://onejav.com/","correlation_id":"","status":200,"duration_ms":1467.61} []
[2026-02-12T02:11:28.394237+00:00] client.INFO: Sending request to GET https://onejav.com/tag {"method":"GET","uri":"https://onejav.com/tag","correlation_id":""} []
[2026-02-12T02:11:29.297693+00:00] client.INFO: Received response 301 for GET https://onejav.com/tag (903.36ms) {"method":"GET","uri":"https://onejav.com/tag","correlation_id":"","status":301,"duration_ms":903.36} []
[2026-02-12T02:11:29.301488+00:00] client.INFO: Sending request to GET https://onejav.com/tag/ {"method":"GET","uri":"https://onejav.com/tag/","correlation_id":""} []
[2026-02-12T02:11:31.102667+00:00] client.INFO: Received response 200 for GET https://onejav.com/tag/ (1801.11ms) {"method":"GET","uri":"https://onejav.com/tag/","correlation_id":"","status":200,"duration_ms":1801.11} []
