[2026-02-12T00:06:12.071499+00:00] client.INFO: Sending request to GET https://www.141jav.com/popular {"method":"GET","uri":"https://www.141jav.com/popular","correlation_id":""} []
[2026-02-12T00:06:12.586511+00:00] client.ERROR: Received response 403 for GET https://www.141jav.com/popular (515.28ms) {"method":"GET","uri":"https://www.141jav.com/popular","correlation_id":"","status":403,"duration_ms":515.28} []
[2026-02-12T00:06:12.602938+00:00] client.INFO: Sending request to GET https://www.141jav.com/tag {"method":"GET","uri":"https://www.141jav.com/tag","correlation_id":""} []
[2026-02-12T00:06:13.103425+00:00] client.ERROR: Received response 403 for GET https://www.141jav.com/tag (500.42ms) {"method":"GET","uri":"https://www.141jav.com/tag","correlation_id":"","status":403,"duration_ms":500.42} []
[2026-02-12T00:06:54.868312+00:00] client.INFO: Sending request to GET https://www.141jav.com/popular {"method":"GET","uri":"https://www.141jav.com/popular","correlation_id":""} []
[2026-02-12T00:06:55.380629+00:00] client.ERROR: Received response 403 for GET https://www.141jav.com/popular (512.26ms) {"method":"GET","uri":"https://www.141jav.com/popular","correlation_id":"","status":403,"duration_ms":512.26} []
[2026-02-12T00:06:55.421229+00:00] client.INFO: Sending request to GET https://www.141jav.com/tag {"method":"GET","uri":"https://www.141jav.com/tag","correlation_id":""} []
[2026-02-12T00:06:56.046645+00:00] client.ERROR: Received response 403 for GET https://www.141jav.com/tag (625.34ms) {"method":"GET","uri":"https://www.141jav.com/tag","correlation_id":"","status":403,"duration_ms":625.34} []
[2026-02-12T00:07:19.504494+00:00] client.INFO: Sending request to GET https://www.141jav.com/popular {"method":"GET","uri":"https://www.141jav.com/popular","correlation_id":""} []
[2026-02-12T00:07:19.993737+00:00] client.ERROR: Received response 403 for GET https://www.141jav.com/popular (489.37ms) {"method":"GET","uri":"https://www.141jav.com/popular","correlation_id":"","status":403,"duration_ms":489.37} []
[2026-02-12T00:07:20.018644+00:00] client.INFO: Sending request to GET https://www.141jav.com/tag {"method":"GET","uri":"https://www.141jav.com/tag","correlation_id":""} []
[2026-02-12T00:07:20.508346+00:00] client.ERROR: Received response 403 for GET https://www.141jav.com/tag (489.67ms) {"method":"GET","uri":"https://www.141jav.com/tag","correlation_id":"","status":403,"duration_ms":489.67} []
[2026-02-12T00:07:50.054176+00:00] client.INFO: Sending request to GET https://www.141jav.com/ {"method":"GET","uri":"https://www.141jav.com/","correlation_id":""} []
[2026-02-12T00:07:50.189752+00:00] client.INFO: Received response 200 for GET https://www.141jav.com/ (135.7ms) {"method":"GET","uri":"https://www.141jav.com/","correlation_id":"","status":200,"duration_ms":135.7} []
[2026-02-12T00:16:08.656955+00:00] client.INFO: Sending request to GET https://www.141jav.com/popular {"method":"GET","uri":"https://www.141jav.com/popular","correlation_id":""} []
[2026-02-12T00:16:09.319155+00:00] client.ERROR: Received response 403 for GET https://www.141jav.com/popular (662.68ms) {"method":"GET","uri":"https://www.141jav.com/popular","correlation_id":"","status":403,"duration_ms":662.68} []
[2026-02-12T00:16:09.348417+00:00] client.INFO: Sending request to GET https://www.141jav.com/tag {"method":"GET","uri":"https://www.141jav.com/tag","correlation_id":""} []
[2026-02-12T00:16:09.872232+00:00] client.ERROR: Received response 403 for GET https://www.141jav.com/tag (523.66ms) {"method":"GET","uri":"https://www.141jav.com/tag","correlation_id":"","status":403,"duration_ms":523.66} []
[2026-02-12T00:16:59.893672+00:00] client.INFO: Sending request to GET https://www.141jav.com/popular {"method":"GET","uri":"https://www.141jav.com/popular","correlation_id":""} []
[2026-02-12T00:17:00.432670+00:00] client.ERROR: Received response 403 for GET https://www.141jav.com/popular (539.13ms) {"method":"GET","uri":"https://www.141jav.com/popular","correlation_id":"","status":403,"duration_ms":539.13} []
[2026-02-12T00:17:00.449530+00:00] client.INFO: Sending request to GET https://www.141jav.com/tag {"method":"GET","uri":"https://www.141jav.com/tag","correlation_id":""} []
[2026-02-12T00:17:00.997206+00:00] client.ERROR: Received response 403 for GET https://www.141jav.com/tag (547.63ms) {"method":"GET","uri":"https://www.141jav.com/tag","correlation_id":"","status":403,"duration_ms":547.63} []
[2026-02-12T00:28:34.410678+00:00] client.INFO: Sending request to GET https://www.141jav.com/popular {"method":"GET","uri":"https://www.141jav.com/popular","correlation_id":""} []
[2026-02-12T00:28:34.943982+00:00] client.ERROR: Received response 403 for GET https://www.141jav.com/popular (533.39ms) {"method":"GET","uri":"https://www.141jav.com/popular","correlation_id":"","status":403,"duration_ms":533.39} []
[2026-02-12T00:28:34.977415+00:00] client.INFO: Sending request to GET https://www.141jav.com/tag {"method":"GET","uri":"https://www.141jav.com/tag","correlation_id":""} []
[2026-02-12T00:28:35.514347+00:00] client.ERROR: Received response 403 for GET https://www.141jav.com/tag (536.82ms) {"method":"GET","uri":"https://www.141jav.com/tag","correlation_id":"","status":403,"duration_ms":536.82} []
[2026-02-12T00:31:25.253637+00:00] client.INFO: Sending request to GET https://www.141jav.com/popular {"method":"GET","uri":"https://www.141jav.com/popular","correlation_id":""} []
[2026-02-12T00:31:25.845480+00:00] client.ERROR: Received response 403 for GET https://www.141jav.com/popular (591.82ms) {"method":"GET","uri":"https://www.141jav.com/popular","correlation_id":"","status":403,"duration_ms":591.82} []
[2026-02-12T00:31:25.862229+00:00] client.INFO: Sending request to GET https://www.141jav.com/tag {"method":"GET","uri":"https://www.141jav.com/tag","correlation_id":""} []
[2026-02-12T00:31:26.455167+00:00] client.ERROR: Received response 403 for GET https://www.141jav.com/tag (592.9ms) {"method":"GET","uri":"https://www.141jav.com/tag","correlation_id":"","status":403,"duration_ms":592.9} []
[2026-02-12T00:31:57.147392+00:00] client.INFO: Sending request to GET https://www.141jav.com/popular {"method":"GET","uri":"https://www.141jav.com/popular","correlation_id":""} []
[2026-02-12T00:31:57.888419+00:00] client.ERROR: Received response 403 for GET https://www.141jav.com/popular (740.96ms) {"method":"GET","uri":"https://www.141jav.com/popular","correlation_id":"","status":403,"duration_ms":740.96} []
[2026-02-12T00:31:57.928598+00:00] client.INFO: Sending request to GET https://www.141jav.com/tag {"method":"GET","uri":"https://www.141jav.com/tag","correlation_id":""} []
[2026-02-12T00:31:58.431071+00:00] client.ERROR: Received response 403 for GET https://www.141jav.com/tag (502.39ms) {"method":"GET","uri":"https://www.141jav.com/tag","correlation_id":"","status":403,"duration_ms":502.39} []
[2026-02-12T00:32:32.969079+00:00] client.INFO: Sending request to GET https://www.141jav.com/popular {"method":"GET","uri":"https://www.141jav.com/popular","correlation_id":""} []
[2026-02-12T00:32:33.595784+00:00] client.ERROR: Received response 403 for GET https://www.141jav.com/popular (626.61ms) {"method":"GET","uri":"https://www.141jav.com/popular","correlation_id":"","status":403,"duration_ms":626.61} []
[2026-02-12T00:32:33.635365+00:00] client.INFO: Sending request to GET https://www.141jav.com/tag {"method":"GET","uri":"https://www.141jav.com/tag","correlation_id":""} []
[2026-02-12T00:32:34.181608+00:00] client.ERROR: Received response 403 for GET https://www.141jav.com/tag (546.18ms) {"method":"GET","uri":"https://www.141jav.com/tag","correlation_id":"","status":403,"duration_ms":546.18} []
[2026-02-12T00:37:32.796645+00:00] client.INFO: Sending request to GET https://www.141jav.com/popular {"method":"GET","uri":"https://www.141jav.com/popular","correlation_id":""} []
[2026-02-12T00:37:33.358347+00:00] client.ERROR: Received response 403 for GET https://www.141jav.com/popular (561.63ms) {"method":"GET","uri":"https://www.141jav.com/popular","correlation_id":"","status":403,"duration_ms":561.63} []
[2026-02-12T00:37:33.398105+00:00] client.INFO: Sending request to GET https://www.141jav.com/tag {"method":"GET","uri":"https://www.141jav.com/tag","correlation_id":""} []
[2026-02-12T00:37:33.937471+00:00] client.ERROR: Received response 403 for GET https://www.141jav.com/tag (539.28ms) {"method":"GET","uri":"https://www.141jav.com/tag","correlation_id":"","status":403,"duration_ms":539.28} []
[2026-02-12T00:38:46.444275+00:00] client.INFO: Sending request to GET https://www.141jav.com/popular {"method":"GET","uri":"https://www.141jav.com/popular","correlation_id":""} []
[2026-02-12T00:38:47.051768+00:00] client.ERROR: Received response 403 for GET https://www.141jav.com/popular (607.3ms) {"method":"GET","uri":"https://www.141jav.com/popular","correlation_id":"","status":403,"duration_ms":607.3} []
[2026-02-12T00:38:47.093036+00:00] client.INFO: Sending request to GET https://www.141jav.com/tag {"method":"GET","uri":"https://www.141jav.com/tag","correlation_id":""} []
[2026-02-12T00:38:47.604024+00:00] client.ERROR: Received response 403 for GET https://www.141jav.com/tag (510.95ms) {"method":"GET","uri":"https://www.141jav.com/tag","correlation_id":"","status":403,"duration_ms":510.95} []
[2026-02-12T00:39:47.144422+00:00] client.INFO: Sending request to GET https://www.141jav.com/popular {"method":"GET","uri":"https://www.141jav.com/popular","correlation_id":""} []
[2026-02-12T00:39:47.684362+00:00] client.ERROR: Received response 403 for GET https://www.141jav.com/popular (539.9ms) {"method":"GET","uri":"https://www.141jav.com/popular","correlation_id":"","status":403,"duration_ms":539.9} []
[2026-02-12T00:39:47.712869+00:00] client.INFO: Sending request to GET https://www.141jav.com/tag {"method":"GET","uri":"https://www.141jav.com/tag","correlation_id":""} []
[2026-02-12T00:39:48.195441+00:00] client.ERROR: Received response 403 for GET https://www.141jav.com/tag (482.54ms) {"method":"GET","uri":"https://www.141jav.com/tag","correlation_id":"","status":403,"duration_ms":482.54} []
[2026-02-12T00:43:01.598100+00:00] client.INFO: Sending request to GET https://www.141jav.com/popular {"method":"GET","uri":"https://www.141jav.com/popular","correlation_id":""} []
[2026-02-12T00:43:02.129314+00:00] client.ERROR: Received response 403 for GET https://www.141jav.com/popular (531.17ms) {"method":"GET","uri":"https://www.141jav.com/popular","correlation_id":"","status":403,"duration_ms":531.17} []
[2026-02-12T00:43:02.165595+00:00] client.INFO: Sending request to GET https://www.141jav.com/tag {"method":"GET","uri":"https://www.141jav.com/tag","correlation_id":""} []
[2026-02-12T00:43:02.665591+00:00] client.ERROR: Received response 403 for GET https://www.141jav.com/tag (499.94ms) {"method":"GET","uri":"https://www.141jav.com/tag","correlation_id":"","status":403,"duration_ms":499.94} []
[2026-02-12T00:43:35.500292+00:00] client.INFO: Sending request to GET https://www.141jav.com/popular {"method":"GET","uri":"https://www.141jav.com/popular","correlation_id":""} []
[2026-02-12T00:43:36.085808+00:00] client.ERROR: Received response 403 for GET https://www.141jav.com/popular (585.49ms) {"method":"GET","uri":"https://www.141jav.com/popular","correlation_id":"","status":403,"duration_ms":585.49} []
[2026-02-12T00:43:36.113530+00:00] client.INFO: Sending request to GET https://www.141jav.com/tag {"method":"GET","uri":"https://www.141jav.com/tag","correlation_id":""} []
[2026-02-12T00:43:36.637939+00:00] client.ERROR: Received response 403 for GET https://www.141jav.com/tag (524.38ms) {"method":"GET","uri":"https://www.141jav.com/tag","correlation_id":"","status":403,"duration_ms":524.38} []
[2026-02-12T00:51:25.479696+00:00] client.INFO: Sending request to GET https://www.141jav.com/ {"method":"GET","uri":"https://www.141jav.com/","correlation_id":""} []
[2026-02-12T00:51:25.661971+00:00] client.INFO: Received response 200 for GET https://www.141jav.com/ (182.4ms) {"method":"GET","uri":"https://www.141jav.com/","correlation_id":"","status":200,"duration_ms":182.4} []
[2026-02-12T00:51:27.692427+00:00] client.INFO: Sending request to GET https://www.141jav.com/popular {"method":"GET","uri":"https://www.141jav.com/popular","correlation_id":""} []
[2026-02-12T00:51:28.210528+00:00] client.ERROR: Received response 403 for GET https://www.141jav.com/popular (518.03ms) {"method":"GET","uri":"https://www.141jav.com/popular","correlation_id":"","status":403,"duration_ms":518.03} []
[2026-02-12T00:51:28.247793+00:00] client.INFO: Sending request to GET https://www.141jav.com/tag {"method":"GET","uri":"https://www.141jav.com/tag","correlation_id":""} []
[2026-02-12T00:51:28.808118+00:00] client.ERROR: Received response 403 for GET https://www.141jav.com/tag (560.28ms) {"method":"GET","uri":"https://www.141jav.com/tag","correlation_id":"","status":403,"duration_ms":560.28} []
[2026-02-12T00:53:30.941181+00:00] client.INFO: Sending request to GET https://www.141jav.com/ {"method":"GET","uri":"https://www.141jav.com/","correlation_id":""} []
[2026-02-12T00:53:31.080500+00:00] client.INFO: Received response 200 for GET https://www.141jav.com/ (139.43ms) {"method":"GET","uri":"https://www.141jav.com/","correlation_id":"","status":200,"duration_ms":139.43} []
[2026-02-12T00:53:33.418512+00:00] client.INFO: Sending request to GET https://www.141jav.com/popular {"method":"GET","uri":"https://www.141jav.com/popular","correlation_id":""} []
[2026-02-12T00:53:33.928782+00:00] client.ERROR: Received response 403 for GET https://www.141jav.com/popular (510.26ms) {"method":"GET","uri":"https://www.141jav.com/popular","correlation_id":"","status":403,"duration_ms":510.26} []
[2026-02-12T00:53:33.943908+00:00] client.INFO: Sending request to GET https://www.141jav.com/tag {"method":"GET","uri":"https://www.141jav.com/tag","correlation_id":""} []
[2026-02-12T00:53:34.684892+00:00] client.ERROR: Received response 403 for GET https://www.141jav.com/tag (740.91ms) {"method":"GET","uri":"https://www.141jav.com/tag","correlation_id":"","status":403,"duration_ms":740.91} []
[2026-02-12T00:55:49.081585+00:00] client.INFO: Sending request to GET https://www.141jav.com/popular {"method":"GET","uri":"https://www.141jav.com/popular","correlation_id":""} []
[2026-02-12T00:55:49.623282+00:00] client.ERROR: Received response 403 for GET https://www.141jav.com/popular (541.83ms) {"method":"GET","uri":"https://www.141jav.com/popular","correlation_id":"","status":403,"duration_ms":541.83} []
[2026-02-12T00:55:49.639215+00:00] client.INFO: Sending request to GET https://www.141jav.com/tag {"method":"GET","uri":"https://www.141jav.com/tag","correlation_id":""} []
[2026-02-12T00:55:50.122779+00:00] client.ERROR: Received response 403 for GET https://www.141jav.com/tag (483.5ms) {"method":"GET","uri":"https://www.141jav.com/tag","correlation_id":"","status":403,"duration_ms":483.5} []
[2026-02-12T01:01:42.412445+00:00] client.INFO: Sending request to GET https://www.141jav.com/tag {"method":"GET","uri":"https://www.141jav.com/tag","correlation_id":""} []
[2026-02-12T01:01:42.976237+00:00] client.ERROR: Received response 403 for GET https://www.141jav.com/tag (563.86ms) {"method":"GET","uri":"https://www.141jav.com/tag","correlation_id":"","status":403,"duration_ms":563.86} []
[2026-02-12T01:03:19.207824+00:00] client.INFO: Sending request to GET https://www.141jav.com/tag {"method":"GET","uri":"https://www.141jav.com/tag","correlation_id":""} []
[2026-02-12T01:03:19.780511+00:00] client.ERROR: Received response 403 for GET https://www.141jav.com/tag (572.76ms) {"method":"GET","uri":"https://www.141jav.com/tag","correlation_id":"","status":403,"duration_ms":572.76} []
[2026-02-12T01:07:18.059486+00:00] client.INFO: Sending request to GET https://www.141jav.com/tag {"method":"GET","uri":"https://www.141jav.com/tag","correlation_id":""} []
[2026-02-12T01:07:18.603385+00:00] client.ERROR: Received response 403 for GET https://www.141jav.com/tag (544ms) {"method":"GET","uri":"https://www.141jav.com/tag","correlation_id":"","status":403,"duration_ms":544.0} []
[2026-02-12T01:17:49.556839+00:00] client.INFO: Sending request to GET https://www.141jav.com/tag {"method":"GET","uri":"https://www.141jav.com/tag","correlation_id":""} []
[2026-02-12T01:17:50.083740+00:00] client.ERROR: Received response 403 for GET https://www.141jav.com/tag (526.97ms) {"method":"GET","uri":"https://www.141jav.com/tag","correlation_id":"","status":403,"duration_ms":526.97} []
[2026-02-12T01:18:26.158462+00:00] client.INFO: Sending request to GET https://www.141jav.com/tag {"method":"GET","uri":"https://www.141jav.com/tag","correlation_id":""} []
[2026-02-12T01:18:26.646335+00:00] client.ERROR: Received response 403 for GET https://www.141jav.com/tag (488.58ms) {"method":"GET","uri":"https://www.141jav.com/tag","correlation_id":"","status":403,"duration_ms":488.58} []
[2026-02-12T01:18:28.118175+00:00] client.INFO: Sending request to GET https://www.141jav.com/ {"method":"GET","uri":"https://www.141jav.com/","correlation_id":""} []
[2026-02-12T01:18:28.253174+00:00] client.INFO: Received response 200 for GET https://www.141jav.com/ (135.11ms) {"method":"GET","uri":"https://www.141jav.com/","correlation_id":"","status":200,"duration_ms":135.11} []
[2026-02-12T01:18:29.820174+00:00] client.INFO: Sending request to GET https://www.141jav.com/tag {"method":"GET","uri":"https://www.141jav.com/tag","correlation_id":""} []
[2026-02-12T01:18:30.379091+00:00] client.ERROR: Received response 403 for GET https://www.141jav.com/tag (558.88ms) {"method":"GET","uri":"https://www.141jav.com/tag","correlation_id":"","status":403,"duration_ms":558.88} []
[2026-02-12T01:41:20.921744+00:00] client.INFO: Sending request to GET https://www.141jav.com/tag {"method":"GET","uri":"https://www.141jav.com/tag","correlation_id":""} []
[2026-02-12T01:41:21.610457+00:00] client.ERROR: Received response 403 for GET https://www.141jav.com/tag (688.81ms) {"method":"GET","uri":"https://www.141jav.com/tag","correlation_id":"","status":403,"duration_ms":688.81} []
[2026-02-12T02:11:08.653201+00:00] client.INFO: Sending request to GET https://www.141jav.com/ {"method":"GET","uri":"https://www.141jav.com/","correlation_id":""} []
[2026-02-12T02:11:09.001565+00:00] client.INFO: Received response 200 for GET https://www.141jav.com/ (348.48ms) {"method":"GET","uri":"https://www.141jav.com/","correlation_id":"","status":200,"duration_ms":348.48} []
[2026-02-12T02:11:10.856281+00:00] client.INFO: Sending request to GET https://www.141jav.com/tag {"method":"GET","uri":"https://www.141jav.com/tag","correlation_id":""} []
[2026-02-12T02:11:11.542677+00:00] client.ERROR: Received response 403 for GET https://www.141jav.com/tag (686.32ms) {"method":"GET","uri":"https://www.141jav.com/tag","correlation_id":"","status":403,"duration_ms":686.32} []
[2026-02-12T02:11:25.557382+00:00] client.INFO: Sending request to GET https://www.141jav.com/ {"method":"GET","uri":"https://www.141jav.com/","correlation_id":""} []
[2026-02-12T02:11:25.820972+00:00] client.INFO: Received response 200 for GET https://www.141jav.com/ (263.57ms) {"method":"GET","uri":"https://www.141jav.com/","correlation_id":"","status":200,"duration_ms":263.57} []
[2026-02-12T02:11:27.533383+00:00] client.INFO: Sending request to GET https://www.141jav.com/tag {"method":"GET","uri":"https://www.141jav.com/tag","correlation_id":""} []
[2026-02-12T02:11:28.130717+00:00] client.ERROR: Received response 403 for GET https://www.141jav.com/tag (597.24ms) {"method":"GET","uri":"https://www.141jav.com/tag","correlation_id":"","status":403,"duration_ms":597.24} []
